<?xml version="1.0" encoding="UTF-8"?>
<testsuite xmlns:xsi="http://www.w3.org/2001/XMLSchema-instance" xsi:noNamespaceSchemaLocation="https://maven.apache.org/surefire/maven-surefire-plugin/xsd/surefire-test-report.xsd" name="com.shenpotato.AppTest" time="0.062" tests="1" errors="0" skipped="0" failures="0">
  <properties>
    <property name="sun.desktop" value="windows"/>
    <property name="awt.toolkit" value="sun.awt.windows.WToolkit"/>
    <property name="file.encoding.pkg" value="sun.io"/>
    <property name="java.specification.version" value="1.8"/>
    <property name="sun.cpu.isalist" value="amd64"/>
    <property name="sun.jnu.encoding" value="GBK"/>
    <property name="java.class.path" value="F:\Idea Workplace\springjdbc\target\test-classes;F:\Idea Workplace\springjdbc\target\classes;F:\Idea Workplace\SpringJDBCMaven\org\springframework\spring-context\4.2.6.RELEASE\spring-context-4.2.6.RELEASE.jar;F:\Idea Workplace\SpringJDBCMaven\org\springframework\spring-aop\4.2.6.RELEASE\spring-aop-4.2.6.RELEASE.jar;F:\Idea Workplace\SpringJDBCMaven\aopalliance\aopalliance\1.0\aopalliance-1.0.jar;F:\Idea Workplace\SpringJDBCMaven\org\springframework\spring-beans\4.2.6.RELEASE\spring-beans-4.2.6.RELEASE.jar;F:\Idea Workplace\SpringJDBCMaven\org\springframework\spring-core\4.2.6.RELEASE\spring-core-4.2.6.RELEASE.jar;F:\Idea Workplace\SpringJDBCMaven\commons-logging\commons-logging\1.2\commons-logging-1.2.jar;F:\Idea Workplace\SpringJDBCMaven\org\springframework\spring-expression\4.2.6.RELEASE\spring-expression-4.2.6.RELEASE.jar;F:\Idea Workplace\SpringJDBCMaven\junit\junit\4.12\junit-4.12.jar;F:\Idea Workplace\SpringJDBCMaven\org\hamcrest\hamcrest-core\1.3\hamcrest-core-1.3.jar;F:\Idea Workplace\SpringJDBCMaven\com\mchange\c3p0\0.9.5-pre8\c3p0-0.9.5-pre8.jar;F:\Idea Workplace\SpringJDBCMaven\com\mchange\mchange-commons-java\0.2.12\mchange-commons-java-0.2.12.jar;"/>
    <property name="java.vm.vendor" value="Oracle Corporation"/>
    <property name="sun.arch.data.model" value="64"/>
    <property name="user.variant" value=""/>
    <property name="java.vendor.url" value="http://java.oracle.com/"/>
    <property name="user.timezone" value="Asia/Shanghai"/>
    <property name="java.vm.specification.version" value="1.8"/>
    <property name="os.name" value="Windows 10"/>
    <property name="user.country" value="CN"/>
    <property name="sun.java.launcher" value="SUN_STANDARD"/>
    <property name="sun.boot.library.path" value="C:\Program Files\Java\jdk1.8.0_181\jre\bin"/>
    <property name="sun.java.command" value="C:\Users\SHEN_P~1\AppData\Local\Temp\surefire5016582287109460092\surefirebooter4633229136479076299.jar C:\Users\Shen_potato\AppData\Local\Temp\surefire5016582287109460092 2019-04-19T15-26-19_434-jvmRun1 surefire2144068559136411137tmp surefire_08344458063324951826tmp"/>
    <property name="surefire.test.class.path" value="F:\Idea Workplace\springjdbc\target\test-classes;F:\Idea Workplace\springjdbc\target\classes;F:\Idea Workplace\SpringJDBCMaven\org\springframework\spring-context\4.2.6.RELEASE\spring-context-4.2.6.RELEASE.jar;F:\Idea Workplace\SpringJDBCMaven\org\springframework\spring-aop\4.2.6.RELEASE\spring-aop-4.2.6.RELEASE.jar;F:\Idea Workplace\SpringJDBCMaven\aopalliance\aopalliance\1.0\aopalliance-1.0.jar;F:\Idea Workplace\SpringJDBCMaven\org\springframework\spring-beans\4.2.6.RELEASE\spring-beans-4.2.6.RELEASE.jar;F:\Idea Workplace\SpringJDBCMaven\org\springframework\spring-core\4.2.6.RELEASE\spring-core-4.2.6.RELEASE.jar;F:\Idea Workplace\SpringJDBCMaven\commons-logging\commons-logging\1.2\commons-logging-1.2.jar;F:\Idea Workplace\SpringJDBCMaven\org\springframework\spring-expression\4.2.6.RELEASE\spring-expression-4.2.6.RELEASE.jar;F:\Idea Workplace\SpringJDBCMaven\junit\junit\4.12\junit-4.12.jar;F:\Idea Workplace\SpringJDBCMaven\org\hamcrest\hamcrest-core\1.3\hamcrest-core-1.3.jar;F:\Idea Workplace\SpringJDBCMaven\com\mchange\c3p0\0.9.5-pre8\c3p0-0.9.5-pre8.jar;F:\Idea Workplace\SpringJDBCMaven\com\mchange\mchange-commons-java\0.2.12\mchange-commons-java-0.2.12.jar;"/>
    <property name="sun.cpu.endian" value="little"/>
    <property name="user.home" value="C:\Users\Shen_potato"/>
    <property name="user.language" value="zh"/>
    <property name="java.specification.vendor" value="Oracle Corporation"/>
    <property name="java.home" value="C:\Program Files\Java\jdk1.8.0_181\jre"/>
    <property name="basedir" value="F:\Idea Workplace\springjdbc"/>
    <property name="file.separator" value="\"/>
    <property name="line.separator" value="&#10;"/>
    <property name="java.vm.specification.vendor" value="Oracle Corporation"/>
    <property name="java.specification.name" value="Java Platform API Specification"/>
    <property name="java.awt.graphicsenv" value="sun.awt.Win32GraphicsEnvironment"/>
    <property name="surefire.real.class.path" value="C:\Users\SHEN_P~1\AppData\Local\Temp\surefire5016582287109460092\surefirebooter4633229136479076299.jar"/>
    <property name="sun.boot.class.path" value="C:\Program Files\Java\jdk1.8.0_181\jre\lib\resources.jar;C:\Program Files\Java\jdk1.8.0_181\jre\lib\rt.jar;C:\Program Files\Java\jdk1.8.0_181\jre\lib\sunrsasign.jar;C:\Program Files\Java\jdk1.8.0_181\jre\lib\jsse.jar;C:\Program Files\Java\jdk1.8.0_181\jre\lib\jce.jar;C:\Program Files\Java\jdk1.8.0_181\jre\lib\charsets.jar;C:\Program Files\Java\jdk1.8.0_181\jre\lib\jfr.jar;C:\Program Files\Java\jdk1.8.0_181\jre\classes"/>
    <property name="user.script" value=""/>
    <property name="sun.management.compiler" value="HotSpot 64-Bit Tiered Compilers"/>
    <property name="java.runtime.version" value="1.8.0_181-b13"/>
    <property name="user.name" value="Shen_potato"/>
    <property name="path.separator" value=";"/>
    <property name="os.version" value="10.0"/>
    <property name="java.endorsed.dirs" value="C:\Program Files\Java\jdk1.8.0_181\jre\lib\endorsed"/>
    <property name="java.runtime.name" value="Java(TM) SE Runtime Environment"/>
    <property name="file.encoding" value="GBK"/>
    <property name="java.vm.name" value="Java HotSpot(TM) 64-Bit Server VM"/>
    <property name="localRepository" value="F:\Idea Workplace\SpringJDBCMaven"/>
    <property name="java.vendor.url.bug" value="http://bugreport.sun.com/bugreport/"/>
    <property name="java.io.tmpdir" value="C:\Users\SHEN_P~1\AppData\Local\Temp\"/>
    <property name="idea.version" value="2017.1.1"/>
    <property name="java.version" value="1.8.0_181"/>
    <property name="user.dir" value="F:\Idea Workplace\springjdbc"/>
    <property name="os.arch" value="amd64"/>
    <property name="java.vm.specification.name" value="Java Virtual Machine Specification"/>
    <property name="java.awt.printerjob" value="sun.awt.windows.WPrinterJob"/>
    <property name="sun.os.patch.level" value=""/>
    <property name="java.library.path" value="C:\Program Files\Java\jdk1.8.0_181\jre\bin;C:\WINDOWS\Sun\Java\bin;C:\WINDOWS\system32;C:\WINDOWS;C:\Program Files (x86)\Common Files\Oracle\Java\javapath;C:\ProgramData\Oracle\Java\javapath;D:\app\oracleuser\product\12.2.0\dbhome_1\bin;C:\WINDOWS\system32;C:\WINDOWS;C:\WINDOWS\System32\Wbem;C:\WINDOWS\System32\WindowsPowerShell\v1.0\;C:\Program Files (x86)\CodeBlocks\MinGW\bin;C:\Program Files\Microsoft SQL Server\120\Tools\Binn\;C:\Program Files\Microsoft SQL Server\130\Tools\Binn\;C:\Program Files (x86)\nodejs\;C:\Program Files\dotnet\;C:\Program Files\Microsoft SQL Server\Client SDK\ODBC\130\Tools\Binn\;C:\Program Files (x86)\Microsoft SQL Server\140\Tools\Binn\;C:\Program Files\Microsoft SQL Server\140\Tools\Binn\;C:\Program Files\Microsoft SQL Server\140\DTS\Binn\;C:\Program Files (x86)\Microsoft SQL Server\Client SDK\ODBC\130\Tools\Binn\;C:\Program Files (x86)\Microsoft SQL Server\140\DTS\Binn\;C:\Program Files (x86)\Microsoft SQL Server\140\Tools\Binn\ManagementStudio\;E:\Java\sqljdbc;E:\Git\Git\cmd;C:\WINDOWS\System32\OpenSSH\;C:\Program Files (x86)\Sennheiser\SoftphoneSDK\;C:\Program Files\Java\jdk1.8.0_181;C:\Program Files\Java\jre1.8.0_181;E:\svn\bin;E:\python3.6.5\Scripts\;E:\python3.6.5\;E:\python3.7.2\Scripts\;E:\python3.7.2\;E:\Ruby\Ruby25-x64\bin;C:\Users\Shen_potato\AppData\Local\Microsoft\WindowsApps;C:\Program Files (x86)\CodeBlocks\MinGW\bin;C:\Users\Shen_potato\AppData\Roaming\npm;C:\Users\Shen_potato\AppData\Local\GitHubDesktop\bin;C:\Users\Shen_potato\AppData\Local\Microsoft\WindowsApps;E:\pycharm-community-2018.3.5\PyCharm Community Edition 2018.3.5\bin;;E:\python2.7.16\Scripts\;E:\python2.7.16\;;."/>
    <property name="java.vm.info" value="mixed mode"/>
    <property name="java.vendor" value="Oracle Corporation"/>
    <property name="java.vm.version" value="25.181-b13"/>
    <property name="java.ext.dirs" value="C:\Program Files\Java\jdk1.8.0_181\jre\lib\ext;C:\WINDOWS\Sun\Java\lib\ext"/>
    <property name="sun.io.unicode.encoding" value="UnicodeLittle"/>
    <property name="maven.repo.local" value="F:\Idea Workplace\SpringJDBCMaven"/>
    <property name="java.class.version" value="52.0"/>
  </properties>
  <testcase name="shouldAnswerWithTrue" classname="com.shenpotato.AppTest" time="0"/>
</testsuite>